<?xml version="1.0" encoding="UTF-8"?>
<!-- Generated by org.testng.reporters.JUnitXMLReporter -->
<testsuite ignored="0" hostname="H0001N5119B59Y" failures="0" tests="8" name="Test" time="9.113" errors="0" timestamp="2022-08-18T02:01:22 WIB">
  <testcase classname="imronTest.TokopediaProject.BaseTest" name="loginToSite" time="0.453"/>
  <testcase classname="imronTest.TokopediaProject.BaseTest" name="verifyLoggedIn" time="0.006"/>
  <testcase classname="imronTest.TokopediaProject.BaseTest" name="sortTheProductByHighestPrice" time="0.282"/>
  <testcase classname="imronTest.TokopediaProject.BaseTest" name="verifySortingResultByHighestPrice" time="0.054"/>
  <testcase classname="imronTest.TokopediaProject.BaseTest" name="selectAndVerifyFirstResult" time="0.288"/>
  <testcase classname="imronTest.TokopediaProject.BaseTest" name="buySelectedProductAndVerify" time="0.511"/>
  <testcase classname="imronTest.TokopediaProject.BaseTest" name="checkOutAndEnterRequired" time="0.517"/>
  <testcase classname="imronTest.TokopediaProject.BaseTest" name="verifyTheOrderStatus" time="0.294"/>
</testsuite> <!-- Test -->
