<?xml version="1.0" encoding="UTF-8"?>
<testng-results ignored="0" total="8" passed="8" failed="0" skipped="0">
  <reporter-output>
  </reporter-output>
  <suite started-at="2022-08-18T02:01:13 WIB" name="Suite" finished-at="2022-08-18T02:01:22 WIB" duration-ms="9113">
    <groups>
    </groups>
    <test started-at="2022-08-18T02:01:13 WIB" name="Test" finished-at="2022-08-18T02:01:22 WIB" duration-ms="9113">
      <class name="imronTest.TokopediaProject.BaseTest">
        <test-method is-config="true" signature="setUp(java.lang.String)[pri:0, instance:imronTest.TokopediaProject.BaseTest@71ba6d4e]" started-at="2022-08-18T02:01:13 WIB" name="setUp" finished-at="2022-08-18T02:01:18 WIB" duration-ms="5153" status="PASS">
          <params>
            <param index="0">
              <value>
                <![CDATA[firefox]]>
              </value>
            </param>
          </params>
          <reporter-output>
          </reporter-output>
        </test-method> <!-- setUp -->
        <test-method signature="loginToSite()[pri:0, instance:imronTest.TokopediaProject.BaseTest@71ba6d4e]" started-at="2022-08-18T02:01:18 WIB" name="loginToSite" finished-at="2022-08-18T02:01:18 WIB" duration-ms="453" status="PASS">
          <reporter-output>
          </reporter-output>
        </test-method> <!-- loginToSite -->
        <test-method is-config="true" signature="afterMyMethod(org.testng.ITestResult)[pri:0, instance:imronTest.TokopediaProject.BaseTest@71ba6d4e]" started-at="2022-08-18T02:01:18 WIB" name="afterMyMethod" finished-at="2022-08-18T02:01:19 WIB" duration-ms="313" status="PASS">
          <params>
            <param index="0">
              <value>
                <![CDATA[[TestResult name=loginToSite status=SUCCESS method=BaseTest.loginToSite()[pri:0, instance:imronTest.TokopediaProject.BaseTest@71ba6d4e] output={null}]]]>
              </value>
            </param>
          </params>
          <reporter-output>
          </reporter-output>
        </test-method> <!-- afterMyMethod -->
        <test-method signature="verifyLoggedIn()[pri:1, instance:imronTest.TokopediaProject.BaseTest@71ba6d4e]" started-at="2022-08-18T02:01:19 WIB" name="verifyLoggedIn" finished-at="2022-08-18T02:01:19 WIB" duration-ms="6" status="PASS">
          <reporter-output>
          </reporter-output>
        </test-method> <!-- verifyLoggedIn -->
        <test-method is-config="true" signature="afterMyMethod(org.testng.ITestResult)[pri:0, instance:imronTest.TokopediaProject.BaseTest@71ba6d4e]" started-at="2022-08-18T02:01:19 WIB" name="afterMyMethod" finished-at="2022-08-18T02:01:19 WIB" duration-ms="127" status="PASS">
          <params>
            <param index="0">
              <value>
                <![CDATA[[TestResult name=verifyLoggedIn status=SUCCESS method=BaseTest.verifyLoggedIn()[pri:1, instance:imronTest.TokopediaProject.BaseTest@71ba6d4e] output={null}]]]>
              </value>
            </param>
          </params>
          <reporter-output>
          </reporter-output>
        </test-method> <!-- afterMyMethod -->
        <test-method signature="sortTheProductByHighestPrice()[pri:2, instance:imronTest.TokopediaProject.BaseTest@71ba6d4e]" started-at="2022-08-18T02:01:19 WIB" name="sortTheProductByHighestPrice" finished-at="2022-08-18T02:01:19 WIB" duration-ms="282" status="PASS">
          <reporter-output>
          </reporter-output>
        </test-method> <!-- sortTheProductByHighestPrice -->
        <test-method is-config="true" signature="afterMyMethod(org.testng.ITestResult)[pri:0, instance:imronTest.TokopediaProject.BaseTest@71ba6d4e]" started-at="2022-08-18T02:01:19 WIB" name="afterMyMethod" finished-at="2022-08-18T02:01:19 WIB" duration-ms="99" status="PASS">
          <params>
            <param index="0">
              <value>
                <![CDATA[[TestResult name=sortTheProductByHighestPrice status=SUCCESS method=BaseTest.sortTheProductByHighestPrice()[pri:2, instance:imronTest.TokopediaProject.BaseTest@71ba6d4e] output={null}]]]>
              </value>
            </param>
          </params>
          <reporter-output>
          </reporter-output>
        </test-method> <!-- afterMyMethod -->
        <test-method signature="verifySortingResultByHighestPrice()[pri:3, instance:imronTest.TokopediaProject.BaseTest@71ba6d4e]" started-at="2022-08-18T02:01:19 WIB" name="verifySortingResultByHighestPrice" finished-at="2022-08-18T02:01:19 WIB" duration-ms="54" status="PASS">
          <reporter-output>
          </reporter-output>
        </test-method> <!-- verifySortingResultByHighestPrice -->
        <test-method is-config="true" signature="afterMyMethod(org.testng.ITestResult)[pri:0, instance:imronTest.TokopediaProject.BaseTest@71ba6d4e]" started-at="2022-08-18T02:01:19 WIB" name="afterMyMethod" finished-at="2022-08-18T02:01:19 WIB" duration-ms="87" status="PASS">
          <params>
            <param index="0">
              <value>
                <![CDATA[[TestResult name=verifySortingResultByHighestPrice status=SUCCESS method=BaseTest.verifySortingResultByHighestPrice()[pri:3, instance:imronTest.TokopediaProject.BaseTest@71ba6d4e] output={null}]]]>
              </value>
            </param>
          </params>
          <reporter-output>
          </reporter-output>
        </test-method> <!-- afterMyMethod -->
        <test-method signature="selectAndVerifyFirstResult()[pri:4, instance:imronTest.TokopediaProject.BaseTest@71ba6d4e]" started-at="2022-08-18T02:01:19 WIB" name="selectAndVerifyFirstResult" finished-at="2022-08-18T02:01:20 WIB" duration-ms="288" status="PASS">
          <reporter-output>
          </reporter-output>
        </test-method> <!-- selectAndVerifyFirstResult -->
        <test-method is-config="true" signature="afterMyMethod(org.testng.ITestResult)[pri:0, instance:imronTest.TokopediaProject.BaseTest@71ba6d4e]" started-at="2022-08-18T02:01:20 WIB" name="afterMyMethod" finished-at="2022-08-18T02:01:20 WIB" duration-ms="84" status="PASS">
          <params>
            <param index="0">
              <value>
                <![CDATA[[TestResult name=selectAndVerifyFirstResult status=SUCCESS method=BaseTest.selectAndVerifyFirstResult()[pri:4, instance:imronTest.TokopediaProject.BaseTest@71ba6d4e] output={null}]]]>
              </value>
            </param>
          </params>
          <reporter-output>
          </reporter-output>
        </test-method> <!-- afterMyMethod -->
        <test-method signature="buySelectedProductAndVerify()[pri:5, instance:imronTest.TokopediaProject.BaseTest@71ba6d4e]" started-at="2022-08-18T02:01:20 WIB" name="buySelectedProductAndVerify" finished-at="2022-08-18T02:01:20 WIB" duration-ms="511" status="PASS">
          <reporter-output>
          </reporter-output>
        </test-method> <!-- buySelectedProductAndVerify -->
        <test-method is-config="true" signature="afterMyMethod(org.testng.ITestResult)[pri:0, instance:imronTest.TokopediaProject.BaseTest@71ba6d4e]" started-at="2022-08-18T02:01:20 WIB" name="afterMyMethod" finished-at="2022-08-18T02:01:20 WIB" duration-ms="50" status="PASS">
          <params>
            <param index="0">
              <value>
                <![CDATA[[TestResult name=buySelectedProductAndVerify status=SUCCESS method=BaseTest.buySelectedProductAndVerify()[pri:5, instance:imronTest.TokopediaProject.BaseTest@71ba6d4e] output={null}]]]>
              </value>
            </param>
          </params>
          <reporter-output>
          </reporter-output>
        </test-method> <!-- afterMyMethod -->
        <test-method signature="checkOutAndEnterRequired()[pri:6, instance:imronTest.TokopediaProject.BaseTest@71ba6d4e]" started-at="2022-08-18T02:01:20 WIB" name="checkOutAndEnterRequired" finished-at="2022-08-18T02:01:21 WIB" duration-ms="517" status="PASS">
          <reporter-output>
          </reporter-output>
        </test-method> <!-- checkOutAndEnterRequired -->
        <test-method is-config="true" signature="afterMyMethod(org.testng.ITestResult)[pri:0, instance:imronTest.TokopediaProject.BaseTest@71ba6d4e]" started-at="2022-08-18T02:01:21 WIB" name="afterMyMethod" finished-at="2022-08-18T02:01:21 WIB" duration-ms="44" status="PASS">
          <params>
            <param index="0">
              <value>
                <![CDATA[[TestResult name=checkOutAndEnterRequired status=SUCCESS method=BaseTest.checkOutAndEnterRequired()[pri:6, instance:imronTest.TokopediaProject.BaseTest@71ba6d4e] output={null}]]]>
              </value>
            </param>
          </params>
          <reporter-output>
          </reporter-output>
        </test-method> <!-- afterMyMethod -->
        <test-method signature="verifyTheOrderStatus()[pri:8, instance:imronTest.TokopediaProject.BaseTest@71ba6d4e]" started-at="2022-08-18T02:01:21 WIB" name="verifyTheOrderStatus" finished-at="2022-08-18T02:01:21 WIB" duration-ms="294" status="PASS">
          <reporter-output>
          </reporter-output>
        </test-method> <!-- verifyTheOrderStatus -->
        <test-method is-config="true" signature="afterMyMethod(org.testng.ITestResult)[pri:0, instance:imronTest.TokopediaProject.BaseTest@71ba6d4e]" started-at="2022-08-18T02:01:21 WIB" name="afterMyMethod" finished-at="2022-08-18T02:01:21 WIB" duration-ms="50" status="PASS">
          <params>
            <param index="0">
              <value>
                <![CDATA[[TestResult name=verifyTheOrderStatus status=SUCCESS method=BaseTest.verifyTheOrderStatus()[pri:8, instance:imronTest.TokopediaProject.BaseTest@71ba6d4e] output={null}]]]>
              </value>
            </param>
          </params>
          <reporter-output>
          </reporter-output>
        </test-method> <!-- afterMyMethod -->
        <test-method is-config="true" signature="afterTest()[pri:0, instance:imronTest.TokopediaProject.BaseTest@71ba6d4e]" started-at="2022-08-18T02:01:21 WIB" name="afterTest" finished-at="2022-08-18T02:01:22 WIB" duration-ms="654" status="PASS">
          <reporter-output>
          </reporter-output>
        </test-method> <!-- afterTest -->
      </class> <!-- imronTest.TokopediaProject.BaseTest -->
    </test> <!-- Test -->
  </suite> <!-- Suite -->
</testng-results>
